00:20:55 DEBUG[org.mybatis.spring.mapper.ClassPathMapperScanner:435] - Identified candidate component class: file [D:\MyBlog\xm-blog\springboot\target\classes\com\example\mapper\ActivityMapper.class]
00:20:55 DEBUG[org.mybatis.spring.mapper.ClassPathMapperScanner:435] - Identified candidate component class: file [D:\MyBlog\xm-blog\springboot\target\classes\com\example\mapper\ActivitySignMapper.class]
00:20:55 DEBUG[org.mybatis.spring.mapper.ClassPathMapperScanner:435] - Identified candidate component class: file [D:\MyBlog\xm-blog\springboot\target\classes\com\example\mapper\AdminMapper.class]
00:20:55 DEBUG[org.mybatis.spring.mapper.ClassPathMapperScanner:435] - Identified candidate component class: file [D:\MyBlog\xm-blog\springboot\target\classes\com\example\mapper\BlogMapper.class]
00:20:55 DEBUG[org.mybatis.spring.mapper.ClassPathMapperScanner:435] - Identified candidate component class: file [D:\MyBlog\xm-blog\springboot\target\classes\com\example\mapper\CategoryMapper.class]
00:20:55 DEBUG[org.mybatis.spring.mapper.ClassPathMapperScanner:435] - Identified candidate component class: file [D:\MyBlog\xm-blog\springboot\target\classes\com\example\mapper\CollectMapper.class]
00:20:55 DEBUG[org.mybatis.spring.mapper.ClassPathMapperScanner:435] - Identified candidate component class: file [D:\MyBlog\xm-blog\springboot\target\classes\com\example\mapper\CommentMapper.class]
00:20:55 DEBUG[org.mybatis.spring.mapper.ClassPathMapperScanner:435] - Identified candidate component class: file [D:\MyBlog\xm-blog\springboot\target\classes\com\example\mapper\LikesMapper.class]
00:20:55 DEBUG[org.mybatis.spring.mapper.ClassPathMapperScanner:435] - Identified candidate component class: file [D:\MyBlog\xm-blog\springboot\target\classes\com\example\mapper\NoticeMapper.class]
00:20:55 DEBUG[org.mybatis.spring.mapper.ClassPathMapperScanner:435] - Identified candidate component class: file [D:\MyBlog\xm-blog\springboot\target\classes\com\example\mapper\UserMapper.class]
00:20:55 DEBUG[org.mybatis.spring.mapper.ClassPathMapperScanner:49] - Creating MapperFactoryBean with name 'activityMapper' and 'com.example.mapper.ActivityMapper' mapperInterface
00:20:55 DEBUG[org.mybatis.spring.mapper.ClassPathMapperScanner:49] - Enabling autowire by type for MapperFactoryBean with name 'activityMapper'.
00:20:55 DEBUG[org.mybatis.spring.mapper.ClassPathMapperScanner:49] - Creating MapperFactoryBean with name 'activitySignMapper' and 'com.example.mapper.ActivitySignMapper' mapperInterface
00:20:55 DEBUG[org.mybatis.spring.mapper.ClassPathMapperScanner:49] - Enabling autowire by type for MapperFactoryBean with name 'activitySignMapper'.
00:20:55 DEBUG[org.mybatis.spring.mapper.ClassPathMapperScanner:49] - Creating MapperFactoryBean with name 'adminMapper' and 'com.example.mapper.AdminMapper' mapperInterface
00:20:55 DEBUG[org.mybatis.spring.mapper.ClassPathMapperScanner:49] - Enabling autowire by type for MapperFactoryBean with name 'adminMapper'.
00:20:55 DEBUG[org.mybatis.spring.mapper.ClassPathMapperScanner:49] - Creating MapperFactoryBean with name 'blogMapper' and 'com.example.mapper.BlogMapper' mapperInterface
00:20:55 DEBUG[org.mybatis.spring.mapper.ClassPathMapperScanner:49] - Enabling autowire by type for MapperFactoryBean with name 'blogMapper'.
00:20:55 DEBUG[org.mybatis.spring.mapper.ClassPathMapperScanner:49] - Creating MapperFactoryBean with name 'categoryMapper' and 'com.example.mapper.CategoryMapper' mapperInterface
00:20:55 DEBUG[org.mybatis.spring.mapper.ClassPathMapperScanner:49] - Enabling autowire by type for MapperFactoryBean with name 'categoryMapper'.
00:20:55 DEBUG[org.mybatis.spring.mapper.ClassPathMapperScanner:49] - Creating MapperFactoryBean with name 'collectMapper' and 'com.example.mapper.CollectMapper' mapperInterface
00:20:55 DEBUG[org.mybatis.spring.mapper.ClassPathMapperScanner:49] - Enabling autowire by type for MapperFactoryBean with name 'collectMapper'.
00:20:55 DEBUG[org.mybatis.spring.mapper.ClassPathMapperScanner:49] - Creating MapperFactoryBean with name 'commentMapper' and 'com.example.mapper.CommentMapper' mapperInterface
00:20:55 DEBUG[org.mybatis.spring.mapper.ClassPathMapperScanner:49] - Enabling autowire by type for MapperFactoryBean with name 'commentMapper'.
00:20:55 DEBUG[org.mybatis.spring.mapper.ClassPathMapperScanner:49] - Creating MapperFactoryBean with name 'likesMapper' and 'com.example.mapper.LikesMapper' mapperInterface
00:20:55 DEBUG[org.mybatis.spring.mapper.ClassPathMapperScanner:49] - Enabling autowire by type for MapperFactoryBean with name 'likesMapper'.
00:20:55 DEBUG[org.mybatis.spring.mapper.ClassPathMapperScanner:49] - Creating MapperFactoryBean with name 'noticeMapper' and 'com.example.mapper.NoticeMapper' mapperInterface
00:20:55 DEBUG[org.mybatis.spring.mapper.ClassPathMapperScanner:49] - Enabling autowire by type for MapperFactoryBean with name 'noticeMapper'.
00:20:55 DEBUG[org.mybatis.spring.mapper.ClassPathMapperScanner:49] - Creating MapperFactoryBean with name 'userMapper' and 'com.example.mapper.UserMapper' mapperInterface
00:20:55 DEBUG[org.mybatis.spring.mapper.ClassPathMapperScanner:49] - Enabling autowire by type for MapperFactoryBean with name 'userMapper'.
00:23:57 DEBUG[org.mybatis.spring.mapper.ClassPathMapperScanner:435] - Identified candidate component class: file [D:\MyBlog\xm-blog\springboot\target\classes\com\example\mapper\ActivityMapper.class]
00:23:57 DEBUG[org.mybatis.spring.mapper.ClassPathMapperScanner:435] - Identified candidate component class: file [D:\MyBlog\xm-blog\springboot\target\classes\com\example\mapper\ActivitySignMapper.class]
00:23:57 DEBUG[org.mybatis.spring.mapper.ClassPathMapperScanner:435] - Identified candidate component class: file [D:\MyBlog\xm-blog\springboot\target\classes\com\example\mapper\AdminMapper.class]
00:23:57 DEBUG[org.mybatis.spring.mapper.ClassPathMapperScanner:435] - Identified candidate component class: file [D:\MyBlog\xm-blog\springboot\target\classes\com\example\mapper\BlogMapper.class]
00:23:57 DEBUG[org.mybatis.spring.mapper.ClassPathMapperScanner:435] - Identified candidate component class: file [D:\MyBlog\xm-blog\springboot\target\classes\com\example\mapper\CategoryMapper.class]
00:23:57 DEBUG[org.mybatis.spring.mapper.ClassPathMapperScanner:435] - Identified candidate component class: file [D:\MyBlog\xm-blog\springboot\target\classes\com\example\mapper\CollectMapper.class]
00:23:57 DEBUG[org.mybatis.spring.mapper.ClassPathMapperScanner:435] - Identified candidate component class: file [D:\MyBlog\xm-blog\springboot\target\classes\com\example\mapper\CommentMapper.class]
00:23:57 DEBUG[org.mybatis.spring.mapper.ClassPathMapperScanner:435] - Identified candidate component class: file [D:\MyBlog\xm-blog\springboot\target\classes\com\example\mapper\LikesMapper.class]
00:23:57 DEBUG[org.mybatis.spring.mapper.ClassPathMapperScanner:435] - Identified candidate component class: file [D:\MyBlog\xm-blog\springboot\target\classes\com\example\mapper\NoticeMapper.class]
00:23:57 DEBUG[org.mybatis.spring.mapper.ClassPathMapperScanner:435] - Identified candidate component class: file [D:\MyBlog\xm-blog\springboot\target\classes\com\example\mapper\UserMapper.class]
00:23:57 DEBUG[org.mybatis.spring.mapper.ClassPathMapperScanner:49] - Creating MapperFactoryBean with name 'activityMapper' and 'com.example.mapper.ActivityMapper' mapperInterface
00:23:57 DEBUG[org.mybatis.spring.mapper.ClassPathMapperScanner:49] - Enabling autowire by type for MapperFactoryBean with name 'activityMapper'.
00:23:57 DEBUG[org.mybatis.spring.mapper.ClassPathMapperScanner:49] - Creating MapperFactoryBean with name 'activitySignMapper' and 'com.example.mapper.ActivitySignMapper' mapperInterface
00:23:57 DEBUG[org.mybatis.spring.mapper.ClassPathMapperScanner:49] - Enabling autowire by type for MapperFactoryBean with name 'activitySignMapper'.
00:23:57 DEBUG[org.mybatis.spring.mapper.ClassPathMapperScanner:49] - Creating MapperFactoryBean with name 'adminMapper' and 'com.example.mapper.AdminMapper' mapperInterface
00:23:57 DEBUG[org.mybatis.spring.mapper.ClassPathMapperScanner:49] - Enabling autowire by type for MapperFactoryBean with name 'adminMapper'.
00:23:57 DEBUG[org.mybatis.spring.mapper.ClassPathMapperScanner:49] - Creating MapperFactoryBean with name 'blogMapper' and 'com.example.mapper.BlogMapper' mapperInterface
00:23:57 DEBUG[org.mybatis.spring.mapper.ClassPathMapperScanner:49] - Enabling autowire by type for MapperFactoryBean with name 'blogMapper'.
00:23:57 DEBUG[org.mybatis.spring.mapper.ClassPathMapperScanner:49] - Creating MapperFactoryBean with name 'categoryMapper' and 'com.example.mapper.CategoryMapper' mapperInterface
00:23:57 DEBUG[org.mybatis.spring.mapper.ClassPathMapperScanner:49] - Enabling autowire by type for MapperFactoryBean with name 'categoryMapper'.
00:23:57 DEBUG[org.mybatis.spring.mapper.ClassPathMapperScanner:49] - Creating MapperFactoryBean with name 'collectMapper' and 'com.example.mapper.CollectMapper' mapperInterface
00:23:57 DEBUG[org.mybatis.spring.mapper.ClassPathMapperScanner:49] - Enabling autowire by type for MapperFactoryBean with name 'collectMapper'.
00:23:57 DEBUG[org.mybatis.spring.mapper.ClassPathMapperScanner:49] - Creating MapperFactoryBean with name 'commentMapper' and 'com.example.mapper.CommentMapper' mapperInterface
00:23:57 DEBUG[org.mybatis.spring.mapper.ClassPathMapperScanner:49] - Enabling autowire by type for MapperFactoryBean with name 'commentMapper'.
00:23:57 DEBUG[org.mybatis.spring.mapper.ClassPathMapperScanner:49] - Creating MapperFactoryBean with name 'likesMapper' and 'com.example.mapper.LikesMapper' mapperInterface
00:23:57 DEBUG[org.mybatis.spring.mapper.ClassPathMapperScanner:49] - Enabling autowire by type for MapperFactoryBean with name 'likesMapper'.
00:23:57 DEBUG[org.mybatis.spring.mapper.ClassPathMapperScanner:49] - Creating MapperFactoryBean with name 'noticeMapper' and 'com.example.mapper.NoticeMapper' mapperInterface
00:23:57 DEBUG[org.mybatis.spring.mapper.ClassPathMapperScanner:49] - Enabling autowire by type for MapperFactoryBean with name 'noticeMapper'.
00:23:57 DEBUG[org.mybatis.spring.mapper.ClassPathMapperScanner:49] - Creating MapperFactoryBean with name 'userMapper' and 'com.example.mapper.UserMapper' mapperInterface
00:23:57 DEBUG[org.mybatis.spring.mapper.ClassPathMapperScanner:49] - Enabling autowire by type for MapperFactoryBean with name 'userMapper'.
